<?xml version="1.0" encoding="UTF-8"?>
<testng-results skipped="0" failed="0" ignored="3" total="4" passed="1">
  <reporter-output>
  </reporter-output>
  <suite name="Default suite" duration-ms="19519" started-at="2022-12-20T22:14:42 IST" finished-at="2022-12-20T22:15:01 IST">
    <groups>
    </groups>
    <test name="Default test" duration-ms="19519" started-at="2022-12-20T22:14:42 IST" finished-at="2022-12-20T22:15:01 IST">
      <class name="com.sauceDemo.Test.TC001_VerifyLogin">
        <test-method status="PASS" signature="beforeClass()[pri:0, instance:com.sauceDemo.Test.TC001_VerifyLogin@1877ab81]" name="beforeClass" is-config="true" duration-ms="2663" started-at="2022-12-20T22:14:42 IST" finished-at="2022-12-20T22:14:45 IST">
          <reporter-output>
          </reporter-output>
        </test-method> <!-- beforeClass -->
        <test-method status="PASS" signature="setUp()[pri:0, instance:com.sauceDemo.Test.TC001_VerifyLogin@1877ab81]" name="setUp" is-config="true" duration-ms="273" started-at="2022-12-20T22:14:45 IST" finished-at="2022-12-20T22:14:45 IST">
          <reporter-output>
          </reporter-output>
        </test-method> <!-- setUp -->
        <test-method status="PASS" signature="verifyAddToCart()[pri:2, instance:com.sauceDemo.Test.TC001_VerifyLogin@1877ab81]" name="verifyAddToCart" duration-ms="168" started-at="2022-12-20T22:14:45 IST" finished-at="2022-12-20T22:14:45 IST">
          <reporter-output>
          </reporter-output>
        </test-method> <!-- verifyAddToCart -->
        <test-method status="PASS" signature="tearDown()[pri:0, instance:com.sauceDemo.Test.TC001_VerifyLogin@1877ab81]" name="tearDown" is-config="true" duration-ms="145" started-at="2022-12-20T22:14:45 IST" finished-at="2022-12-20T22:14:45 IST">
          <reporter-output>
          </reporter-output>
        </test-method> <!-- tearDown -->
        <test-method status="PASS" signature="afterMethod()[pri:0, instance:com.sauceDemo.Test.TC001_VerifyLogin@1877ab81]" name="afterMethod" is-config="true" duration-ms="16219" started-at="2022-12-20T22:14:45 IST" finished-at="2022-12-20T22:15:01 IST">
          <reporter-output>
          </reporter-output>
        </test-method> <!-- afterMethod -->
      </class> <!-- com.sauceDemo.Test.TC001_VerifyLogin -->
    </test> <!-- Default test -->
  </suite> <!-- Default suite -->
</testng-results>
