<?xml version="1.0" encoding="UTF-8"?>
<!-- Generated by org.testng.reporters.JUnitXMLReporter -->
<testsuite hostname="Ujwal" ignored="3" name="Default test" tests="1" failures="0" timestamp="2022-12-20T22:15:01 IST" time="19.519" errors="0">
  <testcase name="verifyAddToCart" time="0.168" classname="com.sauceDemo.Test.TC001_VerifyLogin"/>
  <testcase name="verifyLogin" time="0.0" classname="com.sauceDemo.Test.TC001_VerifyLogin">
    <ignored/>
  </testcase> <!-- verifyLogin -->
  <testcase name="VerifyAllProduct" time="0.0" classname="com.sauceDemo.Test.TC001_VerifyLogin">
    <ignored/>
  </testcase> <!-- VerifyAllProduct -->
  <testcase name="VerifyOrderPlaced" time="0.0" classname="com.sauceDemo.Test.TC001_VerifyLogin">
    <ignored/>
  </testcase> <!-- VerifyOrderPlaced -->
</testsuite> <!-- Default test -->
