<?xml version="1.0" encoding="UTF-8"?>
<testng-results skipped="0" failed="0" ignored="0" total="1" passed="1">
  <reporter-output>
  </reporter-output>
  <suite name="Default suite" duration-ms="19537" started-at="2022-12-21T01:06:20 IST" finished-at="2022-12-21T01:06:39 IST">
    <groups>
    </groups>
    <test name="Default test" duration-ms="19537" started-at="2022-12-21T01:06:20 IST" finished-at="2022-12-21T01:06:39 IST">
      <class name="src.com.sauceDemo.Test.TC001_VerifyLogin">
        <test-method status="PASS" signature="beforeClass()[pri:0, instance:src.com.sauceDemo.Test.TC001_VerifyLogin@3e57cd70]" name="beforeClass" is-config="true" duration-ms="2041" started-at="2022-12-21T01:06:20 IST" finished-at="2022-12-21T01:06:22 IST">
          <reporter-output>
          </reporter-output>
        </test-method> <!-- beforeClass -->
        <test-method status="PASS" signature="setUp()[pri:0, instance:src.com.sauceDemo.Test.TC001_VerifyLogin@3e57cd70]" name="setUp" is-config="true" duration-ms="785" started-at="2022-12-21T01:06:22 IST" finished-at="2022-12-21T01:06:23 IST">
          <reporter-output>
          </reporter-output>
        </test-method> <!-- setUp -->
        <test-method status="PASS" signature="verifyLogin()[pri:0, instance:src.com.sauceDemo.Test.TC001_VerifyLogin@3e57cd70]" name="verifyLogin" duration-ms="362" started-at="2022-12-21T01:06:23 IST" finished-at="2022-12-21T01:06:23 IST">
          <reporter-output>
          </reporter-output>
        </test-method> <!-- verifyLogin -->
        <test-method status="PASS" signature="tearDown()[pri:0, instance:src.com.sauceDemo.Test.TC001_VerifyLogin@3e57cd70]" name="tearDown" is-config="true" duration-ms="164" started-at="2022-12-21T01:06:23 IST" finished-at="2022-12-21T01:06:23 IST">
          <reporter-output>
          </reporter-output>
        </test-method> <!-- tearDown -->
        <test-method status="PASS" signature="afterMethod()[pri:0, instance:src.com.sauceDemo.Test.TC001_VerifyLogin@3e57cd70]" name="afterMethod" is-config="true" duration-ms="16148" started-at="2022-12-21T01:06:23 IST" finished-at="2022-12-21T01:06:39 IST">
          <reporter-output>
          </reporter-output>
        </test-method> <!-- afterMethod -->
      </class> <!-- src.com.sauceDemo.Test.TC001_VerifyLogin -->
    </test> <!-- Default test -->
  </suite> <!-- Default suite -->
</testng-results>
