<?xml version="1.0" encoding="UTF-8"?>
<testng-results skipped="0" failed="0" ignored="0" total="2" passed="2">
  <reporter-output>
  </reporter-output>
  <suite name="Default suite" duration-ms="58" started-at="2022-12-25T16:59:28 IST" finished-at="2022-12-25T16:59:28 IST">
    <groups>
    </groups>
    <test name="Default test" duration-ms="58" started-at="2022-12-25T16:59:28 IST" finished-at="2022-12-25T16:59:28 IST">
      <class name="wwe.q1">
        <test-method status="PASS" signature="d1()[pri:0, instance:wwe.q1@27f723]" name="d1" is-config="true" duration-ms="8" started-at="2022-12-25T16:59:28 IST" finished-at="2022-12-25T16:59:28 IST">
          <reporter-output>
          </reporter-output>
        </test-method> <!-- d1 -->
        <test-method status="PASS" signature="v1()[pri:0, instance:wwe.q1@27f723]" name="v1" is-config="true" duration-ms="1" started-at="2022-12-25T16:59:28 IST" finished-at="2022-12-25T16:59:28 IST">
          <reporter-output>
          </reporter-output>
        </test-method> <!-- v1 -->
        <test-method status="PASS" signature="m1()[pri:0, instance:wwe.q1@27f723]" name="m1" duration-ms="8" started-at="2022-12-25T16:59:28 IST" finished-at="2022-12-25T16:59:28 IST">
          <reporter-output>
          </reporter-output>
        </test-method> <!-- m1 -->
        <test-method status="PASS" signature="v2()[pri:0, instance:wwe.q1@27f723]" name="v2" is-config="true" duration-ms="1" started-at="2022-12-25T16:59:28 IST" finished-at="2022-12-25T16:59:28 IST">
          <reporter-output>
          </reporter-output>
        </test-method> <!-- v2 -->
        <test-method status="PASS" signature="m2()[pri:0, instance:wwe.q1@27f723]" name="m2" duration-ms="3" started-at="2022-12-25T16:59:28 IST" finished-at="2022-12-25T16:59:28 IST">
          <reporter-output>
          </reporter-output>
        </test-method> <!-- m2 -->
        <test-method status="PASS" signature="v1()[pri:0, instance:wwe.q1@27f723]" name="v1" is-config="true" duration-ms="0" started-at="2022-12-25T16:59:28 IST" finished-at="2022-12-25T16:59:28 IST">
          <reporter-output>
          </reporter-output>
        </test-method> <!-- v1 -->
        <test-method status="PASS" signature="v2()[pri:0, instance:wwe.q1@27f723]" name="v2" is-config="true" duration-ms="2" started-at="2022-12-25T16:59:28 IST" finished-at="2022-12-25T16:59:28 IST">
          <reporter-output>
          </reporter-output>
        </test-method> <!-- v2 -->
        <test-method status="PASS" signature="d2()[pri:0, instance:wwe.q1@27f723]" name="d2" is-config="true" duration-ms="0" started-at="2022-12-25T16:59:28 IST" finished-at="2022-12-25T16:59:28 IST">
          <reporter-output>
          </reporter-output>
        </test-method> <!-- d2 -->
      </class> <!-- wwe.q1 -->
    </test> <!-- Default test -->
  </suite> <!-- Default suite -->
</testng-results>
